C51 COMPILER V9.01   MAIN                                                                  04/03/2026 08:05:00 PAGE 1   


C51 COMPILER V9.01, COMPILATION OF MODULE MAIN
OBJECT MODULE PLACED IN main.OBJ
COMPILER INVOKED BY: C:\Keil\C51\BIN\C51.EXE main.c BROWSE DEBUG OBJECTEXTEND

line level    source

   1          #include <reg51.h>
   2          
   3          void delay_50ms_T1() {
   4   1          TMOD = 0x10;  // Timer 1, Mode 1 (16-bit)
   5   1          TH1 = 0x3C;   // N?p gi· tr? byte cao
   6   1          TL1 = 0xB0;   // N?p gi· tr? byte th?p
   7   1          TR1 = 1;      // Kh?i d?ng Timer 1
   8   1          while (TF1 == 0); // Ch? c? tr‡n
   9   1          TR1 = 0;      // T?t Timer 1
  10   1          TF1 = 0;      // XÛa c? tr‡n
  11   1      }
  12          
  13          void delay_500ms() {
  14   1          int i;
  15   1          for(i = 0; i < 10; i++) {
  16   2              delay_50ms_T1(); // L?p 10 l?n d? du?c 500ms
  17   2          }
  18   1      }
  19          
  20          void main() {
  21   1          P2 = 0x00; // Kh?i t?o Port 2
  22   1          while(1) {
  23   2              P2 = ~P2;      // –?o tr?ng th·i to‡n b? c·c ch‚n Port 2
  24   2              delay_500ms(); // Ch? 500ms
  25   2          }
  26   1      }


MODULE INFORMATION:   STATIC OVERLAYABLE
   CODE SIZE        =     48    ----
   CONSTANT SIZE    =   ----    ----
   XDATA SIZE       =   ----    ----
   PDATA SIZE       =   ----    ----
   DATA SIZE        =   ----    ----
   IDATA SIZE       =   ----    ----
   BIT SIZE         =   ----    ----
END OF MODULE INFORMATION.


C51 COMPILATION COMPLETE.  0 WARNING(S),  0 ERROR(S)
