C51 COMPILER V9.01   MAIN                                                                  03/20/2026 09:22:33 PAGE 1   


C51 COMPILER V9.01, COMPILATION OF MODULE MAIN
OBJECT MODULE PLACED IN main.OBJ
COMPILER INVOKED BY: C:\Keil\C51\BIN\C51.EXE main.c BROWSE DEBUG OBJECTEXTEND

line level    source

   1          #include <REGX52.H>
   2          
   3          void Delay(unsigned int var); // Khai b·o h‡m tr?
   4          
   5          void main (void)
   6          {
   7   1          while(1)
   8   1          {
   9   2              P1 = 0x00;      // –ua Port 1 v? m?c th?p (VD: S·ng LED)
  10   2              Delay(1000);    // G?i h‡m tr?
  11   2              P1 = 0xFF;      // –ua Port 1 lÍn m?c cao (VD: T?t LED)
  12   2              Delay(1000);    // G?i h‡m tr?
  13   2          }
  14   1      }
  15          
  16          // –?nh nghia h‡m tr?
  17          void Delay(unsigned int var)
  18          {
  19   1          while(var--);
  20   1      }


MODULE INFORMATION:   STATIC OVERLAYABLE
   CODE SIZE        =     33    ----
   CONSTANT SIZE    =   ----    ----
   XDATA SIZE       =   ----    ----
   PDATA SIZE       =   ----    ----
   DATA SIZE        =   ----    ----
   IDATA SIZE       =   ----    ----
   BIT SIZE         =   ----    ----
END OF MODULE INFORMATION.


C51 COMPILATION COMPLETE.  0 WARNING(S),  0 ERROR(S)
