C51 COMPILER V9.01   MAIN                                                                  03/27/2026 08:56:13 PAGE 1   


C51 COMPILER V9.01, COMPILATION OF MODULE MAIN
OBJECT MODULE PLACED IN main.OBJ
COMPILER INVOKED BY: C:\Keil\C51\BIN\C51.EXE main.c BROWSE DEBUG OBJECTEXTEND

line level    source

   1          #include <reg52.h>
   2          
   3          sbit BUTTON = P3^0; // N·t nh?n ? chÔn P3.0
   4          
   5          // MÒ LED 7 do?n Anode chung (0-9)
   6          unsigned char code led_code[] = {0xC0, 0xF9, 0xA4, 0xB0, 0x99, 0x92, 0x82, 0xF8, 0x80, 0x90};
   7          
   8          void delay(unsigned int ms) {
   9   1          unsigned int i, j;
  10   1          for(i = 0; i < ms; i++)
  11   1              for(j = 0; j < 120; j++);
  12   1      }
  13          
  14          void main() {
  15   1          int count = 0;
  16   1          BUTTON = 1;           // ð?t P3.0 lÓm chÔn nh?n tÝn hi?u
  17   1          P2 = led_code[count]; // Xu?t s? 0 ra Port 2 (vý b?n n?i LED vÓo P2)
  18   1      
  19   1          while(1) {
  20   2              if (BUTTON == 0) {     // N?u n·t du?c ?n
  21   3                  delay(20);         // ð?i 20ms d? ch?ng d?i phÝm
  22   3                  if (BUTTON == 0) { 
  23   4                      count++;       // Tang s? lÛn 1
  24   4                      if (count > 9) {
  25   5                          count = 0; // Quß 9 thý quay l?i 0
  26   5                      }
  27   4                      P2 = led_code[count]; // Hi?n th? s? m?i ra Port 2
  28   4                      
  29   4                      while (BUTTON == 0);  // ð?i th? n·t ra m?i d?m ti?p
  30   4                  }
  31   3              }
  32   2          }
  33   1      }


MODULE INFORMATION:   STATIC OVERLAYABLE
   CODE SIZE        =    113    ----
   CONSTANT SIZE    =     10    ----
   XDATA SIZE       =   ----    ----
   PDATA SIZE       =   ----    ----
   DATA SIZE        =   ----       2
   IDATA SIZE       =   ----    ----
   BIT SIZE         =   ----    ----
END OF MODULE INFORMATION.


C51 COMPILATION COMPLETE.  0 WARNING(S),  0 ERROR(S)
