C51 COMPILER V9.01   MAIN                                                                  04/03/2026 07:53:06 PAGE 1   


C51 COMPILER V9.01, COMPILATION OF MODULE MAIN
OBJECT MODULE PLACED IN main.OBJ
COMPILER INVOKED BY: C:\Keil\C51\BIN\C51.EXE main.c BROWSE DEBUG OBJECTEXTEND

line level    source

   1          #include <reg51.h>
   2          
   3          sbit P1_5 = P1^5; // Khai b·o ch‚n P1.5
   4          
   5          void delay_50ms() {
   6   1          TMOD = 0x01;  // Timer 0, Mode 1 (16-bit)
   7   1          TH0 = 0x3C;   // N?p gi· tr? byte cao
   8   1          TL0 = 0xB0;   // N?p gi· tr? byte th?p
   9   1          TR0 = 1;      // Kh?i d?ng Timer 0 (TCON register)
  10   1          while (TF0 == 0); // Ch? c? tr‡n (TF0) b?t lÍn
  11   1          TR0 = 0;      // T?t Timer 0
  12   1          TF0 = 0;      // XÛa c? tr‡n
  13   1      }
  14          
  15          void main() {
  16   1          while(1) {
  17   2              P1_5 = ~P1_5; // –?o tr?ng th·i ch‚n P1.5
  18   2              delay_50ms(); // G?i h‡m tr? 50ms
  19   2          }
  20   1      }


MODULE INFORMATION:   STATIC OVERLAYABLE
   CODE SIZE        =     26    ----
   CONSTANT SIZE    =   ----    ----
   XDATA SIZE       =   ----    ----
   PDATA SIZE       =   ----    ----
   DATA SIZE        =   ----    ----
   IDATA SIZE       =   ----    ----
   BIT SIZE         =   ----    ----
END OF MODULE INFORMATION.


C51 COMPILATION COMPLETE.  0 WARNING(S),  0 ERROR(S)
